{
"contracts/Raffle.sol":{"l":{"56":3,"57":3,"58":3,"59":3,"60":3,"61":3,"62":3,"63":3,"67":5,"68":1,"70":4,"71":1,"73":3,"74":3,"89":1,"90":1,"91":1,"92":1,"93":1,"97":1,"98":1,"99":0,"101":1,"102":1,"109":1,"116":0,"117":0,"118":0,"119":0,"120":0,"121":0,"122":0,"123":0,"124":0,"126":0,"131":5,"135":1,"139":0,"143":1,"147":0,"151":0,"155":0,"159":0,"163":5},"path":"/Users/Lewis-Shim/Downloads/lottery/contracts/Raffle.sol","s":{"1":3,"2":3,"3":3,"4":3,"5":3,"6":3,"7":3,"8":3,"9":5,"10":4,"11":3,"12":3,"13":1,"14":1,"15":1,"16":1,"17":1,"18":1,"19":1,"20":1,"21":1,"22":1,"23":0,"24":0,"25":0,"26":0,"27":0,"28":0,"29":0,"30":0,"31":0,"32":5,"33":1,"34":0,"35":1,"36":0,"37":0,"38":0,"39":0,"40":5},"b":{"1":[1,4],"2":[1,3],"3":[0,1],"4":[0,0]},"f":{"1":3,"2":5,"3":1,"4":1,"5":0,"6":5,"7":1,"8":0,"9":1,"10":0,"11":0,"12":0,"13":0,"14":5},"fnMap":{"1":{"name":"constructor","line":55,"loc":{"start":{"line":48,"column":4},"end":{"line":64,"column":4}}},"2":{"name":"enterRaffle","line":66,"loc":{"start":{"line":66,"column":4},"end":{"line":75,"column":4}}},"3":{"name":"checkUpkeep","line":86,"loc":{"start":{"line":86,"column":4},"end":{"line":94,"column":4}}},"4":{"name":"performUpkeep","line":96,"loc":{"start":{"line":96,"column":4},"end":{"line":110,"column":4}}},"5":{"name":"fulfillRandomWords","line":112,"loc":{"start":{"line":112,"column":4},"end":{"line":127,"column":4}}},"6":{"name":"getEntranceFee","line":130,"loc":{"start":{"line":130,"column":4},"end":{"line":132,"column":4}}},"7":{"name":"getPlayer","line":134,"loc":{"start":{"line":134,"column":4},"end":{"line":136,"column":4}}},"8":{"name":"getRecentWinner","line":138,"loc":{"start":{"line":138,"column":4},"end":{"line":140,"column":4}}},"9":{"name":"getRaffleState","line":142,"loc":{"start":{"line":142,"column":4},"end":{"line":144,"column":4}}},"10":{"name":"getNumWords","line":146,"loc":{"start":{"line":146,"column":4},"end":{"line":148,"column":4}}},"11":{"name":"getNumberOfPlayers","line":150,"loc":{"start":{"line":150,"column":4},"end":{"line":152,"column":4}}},"12":{"name":"getLatestTimeStamp","line":154,"loc":{"start":{"line":154,"column":4},"end":{"line":156,"column":4}}},"13":{"name":"getRequestConfirmations","line":158,"loc":{"start":{"line":158,"column":4},"end":{"line":160,"column":4}}},"14":{"name":"getInterval","line":162,"loc":{"start":{"line":162,"column":4},"end":{"line":164,"column":4}}}},"statementMap":{"1":{"start":{"line":56,"column":8},"end":{"line":56,"column":34}},"2":{"start":{"line":57,"column":8},"end":{"line":57,"column":69}},"3":{"start":{"line":58,"column":8},"end":{"line":58,"column":26}},"4":{"start":{"line":59,"column":8},"end":{"line":59,"column":40}},"5":{"start":{"line":60,"column":8},"end":{"line":60,"column":44}},"6":{"start":{"line":61,"column":8},"end":{"line":61,"column":39}},"7":{"start":{"line":62,"column":8},"end":{"line":62,"column":40}},"8":{"start":{"line":63,"column":8},"end":{"line":63,"column":28}},"9":{"start":{"line":67,"column":8},"end":{"line":67,"column":2334}},"10":{"start":{"line":70,"column":8},"end":{"line":70,"column":2435}},"11":{"start":{"line":73,"column":8},"end":{"line":73,"column":42}},"12":{"start":{"line":74,"column":8},"end":{"line":74,"column":36}},"13":{"start":{"line":89,"column":8},"end":{"line":89,"column":55}},"14":{"start":{"line":90,"column":8},"end":{"line":90,"column":74}},"15":{"start":{"line":91,"column":8},"end":{"line":91,"column":48}},"16":{"start":{"line":92,"column":8},"end":{"line":92,"column":51}},"17":{"start":{"line":93,"column":8},"end":{"line":93,"column":72}},"18":{"start":{"line":97,"column":8},"end":{"line":97,"column":47}},"19":{"start":{"line":98,"column":8},"end":{"line":98,"column":3632}},"20":{"start":{"line":101,"column":8},"end":{"line":101,"column":46}},"21":{"start":{"line":102,"column":8},"end":{"line":102,"column":3828}},"22":{"start":{"line":109,"column":8},"end":{"line":109,"column":45}},"23":{"start":{"line":116,"column":8},"end":{"line":116,"column":65}},"24":{"start":{"line":117,"column":8},"end":{"line":117,"column":63}},"25":{"start":{"line":118,"column":8},"end":{"line":118,"column":36}},"26":{"start":{"line":119,"column":8},"end":{"line":119,"column":39}},"27":{"start":{"line":120,"column":8},"end":{"line":120,"column":43}},"28":{"start":{"line":121,"column":8},"end":{"line":121,"column":40}},"29":{"start":{"line":122,"column":8},"end":{"line":122,"column":78}},"30":{"start":{"line":123,"column":8},"end":{"line":123,"column":4608}},"31":{"start":{"line":126,"column":8},"end":{"line":126,"column":39}},"32":{"start":{"line":131,"column":8},"end":{"line":131,"column":28}},"33":{"start":{"line":135,"column":8},"end":{"line":135,"column":31}},"34":{"start":{"line":139,"column":8},"end":{"line":139,"column":29}},"35":{"start":{"line":143,"column":8},"end":{"line":143,"column":28}},"36":{"start":{"line":147,"column":8},"end":{"line":147,"column":24}},"37":{"start":{"line":151,"column":8},"end":{"line":151,"column":31}},"38":{"start":{"line":155,"column":8},"end":{"line":155,"column":30}},"39":{"start":{"line":159,"column":8},"end":{"line":159,"column":36}},"40":{"start":{"line":163,"column":8},"end":{"line":163,"column":25}}},"branchMap":{"1":{"line":67,"type":"if","locations":[{"start":{"line":67,"column":8},"end":{"line":67,"column":8}},{"start":{"line":67,"column":8},"end":{"line":67,"column":8}}]},"2":{"line":70,"type":"if","locations":[{"start":{"line":70,"column":8},"end":{"line":70,"column":8}},{"start":{"line":70,"column":8},"end":{"line":70,"column":8}}]},"3":{"line":98,"type":"if","locations":[{"start":{"line":98,"column":8},"end":{"line":98,"column":8}},{"start":{"line":98,"column":8},"end":{"line":98,"column":8}}]},"4":{"line":123,"type":"if","locations":[{"start":{"line":123,"column":8},"end":{"line":123,"column":8}},{"start":{"line":123,"column":8},"end":{"line":123,"column":8}}]}}},
"contracts/test/VRFCoordinatorV2Mock.sol":{"l":{},"path":"/Users/Lewis-Shim/Downloads/lottery/contracts/test/VRFCoordinatorV2Mock.sol","s":{},"b":{},"f":{},"fnMap":{},"statementMap":{},"branchMap":{}}}
